2020-01-02 00:53:27.379  INFO 6472 --- [main] com.example.os_be.OsBeApplication        : Starting OsBeApplication on DESKTOP-M2TDTJB with PID 6472 (E:\idealworkspace\os_be\target\classes started by asus in E:\idealworkspace\os_be)
2020-01-02 00:53:27.404  INFO 6472 --- [main] com.example.os_be.OsBeApplication        : No active profile set, falling back to default profiles: default
2020-01-02 00:53:33.066  INFO 6472 --- [main] o.apache.catalina.core.StandardService   : Starting service [Tomcat]
2020-01-02 00:53:33.067  INFO 6472 --- [main] org.apache.catalina.core.StandardEngine  : Starting Servlet engine: [Apache Tomcat/9.0.29]
2020-01-02 00:53:33.367  INFO 6472 --- [main] o.a.c.c.C.[Tomcat].[localhost].[/]       : Initializing Spring embedded WebApplicationContext
2020-01-02 00:53:35.828  INFO 6472 --- [main] com.example.os_be.OsBeApplication        : Started OsBeApplication in 12.471 seconds (JVM running for 16.108)
2020-01-02 00:53:54.745  INFO 6472 --- [http-nio-8888-exec-2] o.a.c.c.C.[Tomcat].[localhost].[/]       : Initializing Spring DispatcherServlet 'dispatcherServlet'
2020-01-02 00:53:55.405  INFO 6472 --- [http-nio-8888-exec-2] com.zaxxer.hikari.HikariDataSource       : HikariPool-1 - Starting...
2020-01-02 00:53:57.574  INFO 6472 --- [http-nio-8888-exec-2] com.zaxxer.hikari.HikariDataSource       : HikariPool-1 - Start completed.
2020-01-02 00:53:57.588 DEBUG 6472 --- [http-nio-8888-exec-2] com.example.os_be.dao.IUserDao.login     : ==>  Preparing: select id from user where user_name = ? and password = ? 
2020-01-02 00:53:57.709 DEBUG 6472 --- [http-nio-8888-exec-2] com.example.os_be.dao.IUserDao.login     : ==> Parameters: aaa2(String), 123456(String)
2020-01-02 00:53:58.354 DEBUG 6472 --- [http-nio-8888-exec-2] com.example.os_be.dao.IUserDao.login     : <==      Total: 0
2020-01-02 00:53:58.457 ERROR 6472 --- [http-nio-8888-exec-2] o.a.c.c.C.[.[.[/].[dispatcherServlet]    : Servlet.service() for servlet [dispatcherServlet] in context with path [] threw exception [Request processing failed; nested exception is org.apache.ibatis.binding.BindingException: Mapper method 'com.example.os_be.dao.IUserDao.login attempted to return null from a method with a primitive return type (int).] with root cause

org.apache.ibatis.binding.BindingException: Mapper method 'com.example.os_be.dao.IUserDao.login attempted to return null from a method with a primitive return type (int).
	at org.apache.ibatis.binding.MapperMethod.execute(MapperMethod.java:102) ~[mybatis-3.5.3.jar:3.5.3]
	at org.apache.ibatis.binding.MapperProxy.invoke(MapperProxy.java:93) ~[mybatis-3.5.3.jar:3.5.3]
	at com.sun.proxy.$Proxy72.login(Unknown Source) ~[na:na]
	at sun.reflect.NativeMethodAccessorImpl.invoke0(Native Method) ~[na:1.8.0_144]
	at sun.reflect.NativeMethodAccessorImpl.invoke(NativeMethodAccessorImpl.java:62) ~[na:1.8.0_144]
	at sun.reflect.DelegatingMethodAccessorImpl.invoke(DelegatingMethodAccessorImpl.java:43) ~[na:1.8.0_144]
	at java.lang.reflect.Method.invoke(Method.java:498) ~[na:1.8.0_144]
	at org.springframework.aop.support.AopUtils.invokeJoinpointUsingReflection(AopUtils.java:344) ~[spring-aop-5.2.2.RELEASE.jar:5.2.2.RELEASE]
	at org.springframework.aop.framework.ReflectiveMethodInvocation.invokeJoinpoint(ReflectiveMethodInvocation.java:198) ~[spring-aop-5.2.2.RELEASE.jar:5.2.2.RELEASE]
	at org.springframework.aop.framework.ReflectiveMethodInvocation.proceed(ReflectiveMethodInvocation.java:163) ~[spring-aop-5.2.2.RELEASE.jar:5.2.2.RELEASE]
	at org.springframework.dao.support.PersistenceExceptionTranslationInterceptor.invoke(PersistenceExceptionTranslationInterceptor.java:139) ~[spring-tx-5.2.2.RELEASE.jar:5.2.2.RELEASE]
	at org.springframework.aop.framework.ReflectiveMethodInvocation.proceed(ReflectiveMethodInvocation.java:186) ~[spring-aop-5.2.2.RELEASE.jar:5.2.2.RELEASE]
	at org.springframework.aop.framework.JdkDynamicAopProxy.invoke(JdkDynamicAopProxy.java:212) ~[spring-aop-5.2.2.RELEASE.jar:5.2.2.RELEASE]
	at com.sun.proxy.$Proxy73.login(Unknown Source) ~[na:na]
	at com.example.os_be.service.impl.UserManagementImpl.login(UserManagementImpl.java:27) ~[classes/:na]
	at com.example.os_be.controller.UserController.login(UserController.java:68) ~[classes/:na]
	at sun.reflect.NativeMethodAccessorImpl.invoke0(Native Method) ~[na:1.8.0_144]
	at sun.reflect.NativeMethodAccessorImpl.invoke(NativeMethodAccessorImpl.java:62) ~[na:1.8.0_144]
	at sun.reflect.DelegatingMethodAccessorImpl.invoke(DelegatingMethodAccessorImpl.java:43) ~[na:1.8.0_144]
	at java.lang.reflect.Method.invoke(Method.java:498) ~[na:1.8.0_144]
	at org.springframework.web.method.support.InvocableHandlerMethod.doInvoke(InvocableHandlerMethod.java:190) ~[spring-web-5.2.2.RELEASE.jar:5.2.2.RELEASE]
	at org.springframework.web.method.support.InvocableHandlerMethod.invokeForRequest(InvocableHandlerMethod.java:138) ~[spring-web-5.2.2.RELEASE.jar:5.2.2.RELEASE]
	at org.springframework.web.servlet.mvc.method.annotation.ServletInvocableHandlerMethod.invokeAndHandle(ServletInvocableHandlerMethod.java:106) ~[spring-webmvc-5.2.2.RELEASE.jar:5.2.2.RELEASE]
	at org.springframework.web.servlet.mvc.method.annotation.RequestMappingHandlerAdapter.invokeHandlerMethod(RequestMappingHandlerAdapter.java:888) ~[spring-webmvc-5.2.2.RELEASE.jar:5.2.2.RELEASE]
	at org.springframework.web.servlet.mvc.method.annotation.RequestMappingHandlerAdapter.handleInternal(RequestMappingHandlerAdapter.java:793) ~[spring-webmvc-5.2.2.RELEASE.jar:5.2.2.RELEASE]
	at org.springframework.web.servlet.mvc.method.AbstractHandlerMethodAdapter.handle(AbstractHandlerMethodAdapter.java:87) ~[spring-webmvc-5.2.2.RELEASE.jar:5.2.2.RELEASE]
	at org.springframework.web.servlet.DispatcherServlet.doDispatch(DispatcherServlet.java:1040) ~[spring-webmvc-5.2.2.RELEASE.jar:5.2.2.RELEASE]
	at org.springframework.web.servlet.DispatcherServlet.doService(DispatcherServlet.java:943) ~[spring-webmvc-5.2.2.RELEASE.jar:5.2.2.RELEASE]
	at org.springframework.web.servlet.FrameworkServlet.processRequest(FrameworkServlet.java:1006) ~[spring-webmvc-5.2.2.RELEASE.jar:5.2.2.RELEASE]
	at org.springframework.web.servlet.FrameworkServlet.doPost(FrameworkServlet.java:909) ~[spring-webmvc-5.2.2.RELEASE.jar:5.2.2.RELEASE]
	at javax.servlet.http.HttpServlet.service(HttpServlet.java:660) ~[tomcat-embed-core-9.0.29.jar:9.0.29]
	at org.springframework.web.servlet.FrameworkServlet.service(FrameworkServlet.java:883) ~[spring-webmvc-5.2.2.RELEASE.jar:5.2.2.RELEASE]
	at javax.servlet.http.HttpServlet.service(HttpServlet.java:741) ~[tomcat-embed-core-9.0.29.jar:9.0.29]
	at org.apache.catalina.core.ApplicationFilterChain.internalDoFilter(ApplicationFilterChain.java:231) ~[tomcat-embed-core-9.0.29.jar:9.0.29]
	at org.apache.catalina.core.ApplicationFilterChain.doFilter(ApplicationFilterChain.java:166) ~[tomcat-embed-core-9.0.29.jar:9.0.29]
	at org.apache.tomcat.websocket.server.WsFilter.doFilter(WsFilter.java:53) ~[tomcat-embed-websocket-9.0.29.jar:9.0.29]
	at org.apache.catalina.core.ApplicationFilterChain.internalDoFilter(ApplicationFilterChain.java:193) ~[tomcat-embed-core-9.0.29.jar:9.0.29]
	at org.apache.catalina.core.ApplicationFilterChain.doFilter(ApplicationFilterChain.java:166) ~[tomcat-embed-core-9.0.29.jar:9.0.29]
	at org.springframework.web.filter.RequestContextFilter.doFilterInternal(RequestContextFilter.java:100) ~[spring-web-5.2.2.RELEASE.jar:5.2.2.RELEASE]
	at org.springframework.web.filter.OncePerRequestFilter.doFilter(OncePerRequestFilter.java:119) ~[spring-web-5.2.2.RELEASE.jar:5.2.2.RELEASE]
	at org.apache.catalina.core.ApplicationFilterChain.internalDoFilter(ApplicationFilterChain.java:193) ~[tomcat-embed-core-9.0.29.jar:9.0.29]
	at org.apache.catalina.core.ApplicationFilterChain.doFilter(ApplicationFilterChain.java:166) ~[tomcat-embed-core-9.0.29.jar:9.0.29]
	at org.springframework.web.filter.FormContentFilter.doFilterInternal(FormContentFilter.java:93) ~[spring-web-5.2.2.RELEASE.jar:5.2.2.RELEASE]
	at org.springframework.web.filter.OncePerRequestFilter.doFilter(OncePerRequestFilter.java:119) ~[spring-web-5.2.2.RELEASE.jar:5.2.2.RELEASE]
	at org.apache.catalina.core.ApplicationFilterChain.internalDoFilter(ApplicationFilterChain.java:193) ~[tomcat-embed-core-9.0.29.jar:9.0.29]
	at org.apache.catalina.core.ApplicationFilterChain.doFilter(ApplicationFilterChain.java:166) ~[tomcat-embed-core-9.0.29.jar:9.0.29]
	at org.springframework.web.filter.CharacterEncodingFilter.doFilterInternal(CharacterEncodingFilter.java:201) ~[spring-web-5.2.2.RELEASE.jar:5.2.2.RELEASE]
	at org.springframework.web.filter.OncePerRequestFilter.doFilter(OncePerRequestFilter.java:119) ~[spring-web-5.2.2.RELEASE.jar:5.2.2.RELEASE]
	at org.apache.catalina.core.ApplicationFilterChain.internalDoFilter(ApplicationFilterChain.java:193) ~[tomcat-embed-core-9.0.29.jar:9.0.29]
	at org.apache.catalina.core.ApplicationFilterChain.doFilter(ApplicationFilterChain.java:166) ~[tomcat-embed-core-9.0.29.jar:9.0.29]
	at org.apache.catalina.core.StandardWrapperValve.invoke(StandardWrapperValve.java:202) ~[tomcat-embed-core-9.0.29.jar:9.0.29]
	at org.apache.catalina.core.StandardContextValve.invoke(StandardContextValve.java:96) [tomcat-embed-core-9.0.29.jar:9.0.29]
	at org.apache.catalina.authenticator.AuthenticatorBase.invoke(AuthenticatorBase.java:526) [tomcat-embed-core-9.0.29.jar:9.0.29]
	at org.apache.catalina.core.StandardHostValve.invoke(StandardHostValve.java:139) [tomcat-embed-core-9.0.29.jar:9.0.29]
	at org.apache.catalina.valves.ErrorReportValve.invoke(ErrorReportValve.java:92) [tomcat-embed-core-9.0.29.jar:9.0.29]
	at org.apache.catalina.core.StandardEngineValve.invoke(StandardEngineValve.java:74) [tomcat-embed-core-9.0.29.jar:9.0.29]
	at org.apache.catalina.connector.CoyoteAdapter.service(CoyoteAdapter.java:343) [tomcat-embed-core-9.0.29.jar:9.0.29]
	at org.apache.coyote.http11.Http11Processor.service(Http11Processor.java:367) [tomcat-embed-core-9.0.29.jar:9.0.29]
	at org.apache.coyote.AbstractProcessorLight.process(AbstractProcessorLight.java:65) [tomcat-embed-core-9.0.29.jar:9.0.29]
	at org.apache.coyote.AbstractProtocol$ConnectionHandler.process(AbstractProtocol.java:860) [tomcat-embed-core-9.0.29.jar:9.0.29]
	at org.apache.tomcat.util.net.NioEndpoint$SocketProcessor.doRun(NioEndpoint.java:1591) [tomcat-embed-core-9.0.29.jar:9.0.29]
	at org.apache.tomcat.util.net.SocketProcessorBase.run(SocketProcessorBase.java:49) [tomcat-embed-core-9.0.29.jar:9.0.29]
	at java.util.concurrent.ThreadPoolExecutor.runWorker(ThreadPoolExecutor.java:1149) [na:1.8.0_144]
	at java.util.concurrent.ThreadPoolExecutor$Worker.run(ThreadPoolExecutor.java:624) [na:1.8.0_144]
	at org.apache.tomcat.util.threads.TaskThread$WrappingRunnable.run(TaskThread.java:61) [tomcat-embed-core-9.0.29.jar:9.0.29]
	at java.lang.Thread.run(Thread.java:748) [na:1.8.0_144]

2020-01-02 00:56:56.129 DEBUG 6472 --- [http-nio-8888-exec-4] com.example.os_be.dao.IUserDao.login     : ==>  Preparing: select id from user where user_name = ? and password = ? 
2020-01-02 00:56:56.130 DEBUG 6472 --- [http-nio-8888-exec-4] com.example.os_be.dao.IUserDao.login     : ==> Parameters: admin(String), 123456(String)
2020-01-02 00:56:56.141 DEBUG 6472 --- [http-nio-8888-exec-4] com.example.os_be.dao.IUserDao.login     : <==      Total: 1
2020-01-02 00:59:18.547  INFO 8184 --- [main] com.example.os_be.OsBeApplicationTests   : Starting OsBeApplicationTests on DESKTOP-M2TDTJB with PID 8184 (started by asus in E:\idealworkspace\os_be)
2020-01-02 00:59:18.549  INFO 8184 --- [main] com.example.os_be.OsBeApplicationTests   : No active profile set, falling back to default profiles: default
2020-01-02 00:59:21.775  INFO 8184 --- [main] com.example.os_be.OsBeApplicationTests   : Started OsBeApplicationTests in 3.847 seconds (JVM running for 6.369)
2020-01-02 04:14:35.093  INFO 10524 --- [main] com.example.os_be.OsBeApplication        : Starting OsBeApplication on DESKTOP-M2TDTJB with PID 10524 (E:\idealworkspace\os_be\target\classes started by asus in E:\idealworkspace\os_be)
2020-01-02 04:14:35.105  INFO 10524 --- [main] com.example.os_be.OsBeApplication        : No active profile set, falling back to default profiles: default
2020-01-02 04:14:36.611  INFO 10524 --- [main] o.apache.catalina.core.StandardService   : Starting service [Tomcat]
2020-01-02 04:14:36.611  INFO 10524 --- [main] org.apache.catalina.core.StandardEngine  : Starting Servlet engine: [Apache Tomcat/9.0.29]
2020-01-02 04:14:36.703  INFO 10524 --- [main] o.a.c.c.C.[Tomcat].[localhost].[/]       : Initializing Spring embedded WebApplicationContext
2020-01-02 04:14:38.791  INFO 10524 --- [main] com.example.os_be.OsBeApplication        : Started OsBeApplication in 4.266 seconds (JVM running for 5.861)
2020-01-02 04:15:31.605  INFO 10524 --- [http-nio-8888-exec-2] o.a.c.c.C.[Tomcat].[localhost].[/]       : Initializing Spring DispatcherServlet 'dispatcherServlet'
2020-01-02 04:15:31.686  WARN 10524 --- [http-nio-8888-exec-2] .w.s.m.s.DefaultHandlerExceptionResolver : Resolved [org.springframework.web.HttpRequestMethodNotSupportedException: Request method 'GET' not supported]
2020-01-02 04:15:39.706  INFO 10524 --- [http-nio-8888-exec-3] com.zaxxer.hikari.HikariDataSource       : HikariPool-1 - Starting...
2020-01-02 04:15:40.210  INFO 10524 --- [http-nio-8888-exec-3] com.zaxxer.hikari.HikariDataSource       : HikariPool-1 - Start completed.
2020-01-02 04:15:40.233 DEBUG 10524 --- [http-nio-8888-exec-3] c.e.os_be.dao.IMFDDao.createFileDir      : ==>  Preparing: insert into ufd(user_id, file_name, file_length, is_open_flag) values(?, ?, ?, 0) 
2020-01-02 04:15:40.315 DEBUG 10524 --- [http-nio-8888-exec-3] c.e.os_be.dao.IMFDDao.createFileDir      : ==> Parameters: 1(Integer), admin_file_1(String), 5(Integer)
2020-01-02 04:15:40.435 DEBUG 10524 --- [http-nio-8888-exec-3] c.e.os_be.dao.IMFDDao.createFileDir      : <==    Updates: 1
2020-01-02 04:16:44.097  INFO 15524 --- [main] com.example.os_be.OsBeApplicationTests   : Starting OsBeApplicationTests on DESKTOP-M2TDTJB with PID 15524 (started by asus in E:\idealworkspace\os_be)
2020-01-02 04:16:44.100  INFO 15524 --- [main] com.example.os_be.OsBeApplicationTests   : No active profile set, falling back to default profiles: default
2020-01-02 04:16:46.778  INFO 15524 --- [main] com.example.os_be.OsBeApplicationTests   : Started OsBeApplicationTests in 3.124 seconds (JVM running for 4.505)
2020-01-02 04:22:45.415  INFO 10372 --- [main] com.example.os_be.OsBeApplication        : Starting OsBeApplication on DESKTOP-M2TDTJB with PID 10372 (E:\idealworkspace\os_be\target\classes started by asus in E:\idealworkspace\os_be)
2020-01-02 04:22:45.417  INFO 10372 --- [main] com.example.os_be.OsBeApplication        : No active profile set, falling back to default profiles: default
2020-01-02 04:22:46.623  INFO 10372 --- [main] o.apache.catalina.core.StandardService   : Starting service [Tomcat]
2020-01-02 04:22:46.623  INFO 10372 --- [main] org.apache.catalina.core.StandardEngine  : Starting Servlet engine: [Apache Tomcat/9.0.29]
2020-01-02 04:22:46.728  INFO 10372 --- [main] o.a.c.c.C.[Tomcat].[localhost].[/]       : Initializing Spring embedded WebApplicationContext
2020-01-02 04:22:47.424  INFO 10372 --- [main] com.example.os_be.OsBeApplication        : Started OsBeApplication in 2.631 seconds (JVM running for 4.106)
2020-01-02 04:23:10.135  INFO 10372 --- [http-nio-8888-exec-1] o.a.c.c.C.[Tomcat].[localhost].[/]       : Initializing Spring DispatcherServlet 'dispatcherServlet'
2020-01-02 04:23:10.263  INFO 10372 --- [http-nio-8888-exec-1] com.zaxxer.hikari.HikariDataSource       : HikariPool-1 - Starting...
2020-01-02 04:23:10.429  INFO 10372 --- [http-nio-8888-exec-1] com.zaxxer.hikari.HikariDataSource       : HikariPool-1 - Start completed.
2020-01-02 04:23:10.438 DEBUG 10372 --- [http-nio-8888-exec-1] c.e.os_be.dao.IMFDDao.createFileDir      : ==>  Preparing: insert into ufd(user_id, file_name, file_length, is_open_flag) values(?, ?, ?, 0) 
2020-01-02 04:23:10.467 DEBUG 10372 --- [http-nio-8888-exec-1] c.e.os_be.dao.IMFDDao.createFileDir      : ==> Parameters: 1(Integer), admin_file_1(String), 5(Integer)
2020-01-02 04:23:10.476 DEBUG 10372 --- [http-nio-8888-exec-1] c.e.os_be.dao.IMFDDao.createFileDir      : <==    Updates: 1
2020-01-02 04:26:29.747  INFO 12628 --- [main] com.example.os_be.OsBeApplication        : Starting OsBeApplication on DESKTOP-M2TDTJB with PID 12628 (E:\idealworkspace\os_be\target\classes started by asus in E:\idealworkspace\os_be)
2020-01-02 04:26:29.753  INFO 12628 --- [main] com.example.os_be.OsBeApplication        : No active profile set, falling back to default profiles: default
2020-01-02 04:26:31.015  INFO 12628 --- [main] o.apache.catalina.core.StandardService   : Starting service [Tomcat]
2020-01-02 04:26:31.015  INFO 12628 --- [main] org.apache.catalina.core.StandardEngine  : Starting Servlet engine: [Apache Tomcat/9.0.29]
2020-01-02 04:26:31.115  INFO 12628 --- [main] o.a.c.c.C.[Tomcat].[localhost].[/]       : Initializing Spring embedded WebApplicationContext
2020-01-02 04:26:31.858  INFO 12628 --- [main] com.example.os_be.OsBeApplication        : Started OsBeApplication in 2.604 seconds (JVM running for 4.043)
2020-01-02 04:26:39.833  INFO 12628 --- [http-nio-8888-exec-2] o.a.c.c.C.[Tomcat].[localhost].[/]       : Initializing Spring DispatcherServlet 'dispatcherServlet'
2020-01-02 04:26:39.953  INFO 12628 --- [http-nio-8888-exec-2] com.zaxxer.hikari.HikariDataSource       : HikariPool-1 - Starting...
2020-01-02 04:26:40.107  INFO 12628 --- [http-nio-8888-exec-2] com.zaxxer.hikari.HikariDataSource       : HikariPool-1 - Start completed.
2020-01-02 04:26:40.115 DEBUG 12628 --- [http-nio-8888-exec-2] c.e.os_be.dao.IMFDDao.createFileDir      : ==>  Preparing: insert into ufd(user_id, file_name, file_length, is_open_flag) values(?, ?, ?, 0) 
2020-01-02 04:26:40.146 DEBUG 12628 --- [http-nio-8888-exec-2] c.e.os_be.dao.IMFDDao.createFileDir      : ==> Parameters: 1(Integer), admin_file_1(String), 5(Integer)
2020-01-02 04:26:40.154 DEBUG 12628 --- [http-nio-8888-exec-2] c.e.os_be.dao.IMFDDao.createFileDir      : <==    Updates: 1
2020-01-02 04:26:40.193 ERROR 12628 --- [http-nio-8888-exec-2] o.a.c.c.C.[.[.[/].[dispatcherServlet]    : Servlet.service() for servlet [dispatcherServlet] in context with path [] threw exception [Request processing failed; nested exception is org.mybatis.spring.MyBatisSystemException: nested exception is org.apache.ibatis.executor.ExecutorException: Error getting generated key or setting result to parameter object. Cause: org.apache.ibatis.executor.ExecutorException: No setter found for the keyProperty 'ufd_id' in 'com.example.os_be.domain.directory_management.UFD'.] with root cause

org.apache.ibatis.executor.ExecutorException: No setter found for the keyProperty 'ufd_id' in 'com.example.os_be.domain.directory_management.UFD'.
	at org.apache.ibatis.executor.keygen.Jdbc3KeyGenerator$KeyAssigner.assign(Jdbc3KeyGenerator.java:262) ~[mybatis-3.5.3.jar:3.5.3]
	at org.apache.ibatis.executor.keygen.Jdbc3KeyGenerator.lambda$assignKeysToParam$0(Jdbc3KeyGenerator.java:120) ~[mybatis-3.5.3.jar:3.5.3]
	at java.util.ArrayList.forEach(ArrayList.java:1249) ~[na:1.8.0_144]
	at org.apache.ibatis.executor.keygen.Jdbc3KeyGenerator.assignKeysToParam(Jdbc3KeyGenerator.java:120) ~[mybatis-3.5.3.jar:3.5.3]
	at org.apache.ibatis.executor.keygen.Jdbc3KeyGenerator.assignKeys(Jdbc3KeyGenerator.java:100) ~[mybatis-3.5.3.jar:3.5.3]
	at org.apache.ibatis.executor.keygen.Jdbc3KeyGenerator.processBatch(Jdbc3KeyGenerator.java:81) ~[mybatis-3.5.3.jar:3.5.3]
	at org.apache.ibatis.executor.keygen.Jdbc3KeyGenerator.processAfter(Jdbc3KeyGenerator.java:67) ~[mybatis-3.5.3.jar:3.5.3]
	at org.apache.ibatis.executor.statement.PreparedStatementHandler.update(PreparedStatementHandler.java:51) ~[mybatis-3.5.3.jar:3.5.3]
	at org.apache.ibatis.executor.statement.RoutingStatementHandler.update(RoutingStatementHandler.java:74) ~[mybatis-3.5.3.jar:3.5.3]
	at org.apache.ibatis.executor.SimpleExecutor.doUpdate(SimpleExecutor.java:50) ~[mybatis-3.5.3.jar:3.5.3]
	at org.apache.ibatis.executor.BaseExecutor.update(BaseExecutor.java:117) ~[mybatis-3.5.3.jar:3.5.3]
	at org.apache.ibatis.executor.CachingExecutor.update(CachingExecutor.java:76) ~[mybatis-3.5.3.jar:3.5.3]
	at org.apache.ibatis.session.defaults.DefaultSqlSession.update(DefaultSqlSession.java:197) ~[mybatis-3.5.3.jar:3.5.3]
	at org.apache.ibatis.session.defaults.DefaultSqlSession.insert(DefaultSqlSession.java:184) ~[mybatis-3.5.3.jar:3.5.3]
	at sun.reflect.NativeMethodAccessorImpl.invoke0(Native Method) ~[na:1.8.0_144]
	at sun.reflect.NativeMethodAccessorImpl.invoke(NativeMethodAccessorImpl.java:62) ~[na:1.8.0_144]
	at sun.reflect.DelegatingMethodAccessorImpl.invoke(DelegatingMethodAccessorImpl.java:43) ~[na:1.8.0_144]
	at java.lang.reflect.Method.invoke(Method.java:498) ~[na:1.8.0_144]
	at org.mybatis.spring.SqlSessionTemplate$SqlSessionInterceptor.invoke(SqlSessionTemplate.java:426) ~[mybatis-spring-2.0.3.jar:2.0.3]
	at com.sun.proxy.$Proxy65.insert(Unknown Source) ~[na:na]
	at org.mybatis.spring.SqlSessionTemplate.insert(SqlSessionTemplate.java:271) ~[mybatis-spring-2.0.3.jar:2.0.3]
	at org.apache.ibatis.binding.MapperMethod.execute(MapperMethod.java:62) ~[mybatis-3.5.3.jar:3.5.3]
	at org.apache.ibatis.binding.MapperProxy.invoke(MapperProxy.java:93) ~[mybatis-3.5.3.jar:3.5.3]
	at com.sun.proxy.$Proxy68.createFileDir(Unknown Source) ~[na:na]
	at sun.reflect.NativeMethodAccessorImpl.invoke0(Native Method) ~[na:1.8.0_144]
	at sun.reflect.NativeMethodAccessorImpl.invoke(NativeMethodAccessorImpl.java:62) ~[na:1.8.0_144]
	at sun.reflect.DelegatingMethodAccessorImpl.invoke(DelegatingMethodAccessorImpl.java:43) ~[na:1.8.0_144]
	at java.lang.reflect.Method.invoke(Method.java:498) ~[na:1.8.0_144]
	at org.springframework.aop.support.AopUtils.invokeJoinpointUsingReflection(AopUtils.java:344) ~[spring-aop-5.2.2.RELEASE.jar:5.2.2.RELEASE]
	at org.springframework.aop.framework.ReflectiveMethodInvocation.invokeJoinpoint(ReflectiveMethodInvocation.java:198) ~[spring-aop-5.2.2.RELEASE.jar:5.2.2.RELEASE]
	at org.springframework.aop.framework.ReflectiveMethodInvocation.proceed(ReflectiveMethodInvocation.java:163) ~[spring-aop-5.2.2.RELEASE.jar:5.2.2.RELEASE]
	at org.springframework.dao.support.PersistenceExceptionTranslationInterceptor.invoke(PersistenceExceptionTranslationInterceptor.java:139) ~[spring-tx-5.2.2.RELEASE.jar:5.2.2.RELEASE]
	at org.springframework.aop.framework.ReflectiveMethodInvocation.proceed(ReflectiveMethodInvocation.java:186) ~[spring-aop-5.2.2.RELEASE.jar:5.2.2.RELEASE]
	at org.springframework.aop.framework.JdkDynamicAopProxy.invoke(JdkDynamicAopProxy.java:212) ~[spring-aop-5.2.2.RELEASE.jar:5.2.2.RELEASE]
	at com.sun.proxy.$Proxy69.createFileDir(Unknown Source) ~[na:na]
	at com.example.os_be.service.impl.MFDManagementImpl.createFileDir(MFDManagementImpl.java:25) ~[classes/:na]
	at com.example.os_be.controller.MFDController.createFileDir(MFDController.java:40) ~[classes/:na]
	at sun.reflect.NativeMethodAccessorImpl.invoke0(Native Method) ~[na:1.8.0_144]
	at sun.reflect.NativeMethodAccessorImpl.invoke(NativeMethodAccessorImpl.java:62) ~[na:1.8.0_144]
	at sun.reflect.DelegatingMethodAccessorImpl.invoke(DelegatingMethodAccessorImpl.java:43) ~[na:1.8.0_144]
	at java.lang.reflect.Method.invoke(Method.java:498) ~[na:1.8.0_144]
	at org.springframework.web.method.support.InvocableHandlerMethod.doInvoke(InvocableHandlerMethod.java:190) ~[spring-web-5.2.2.RELEASE.jar:5.2.2.RELEASE]
	at org.springframework.web.method.support.InvocableHandlerMethod.invokeForRequest(InvocableHandlerMethod.java:138) ~[spring-web-5.2.2.RELEASE.jar:5.2.2.RELEASE]
	at org.springframework.web.servlet.mvc.method.annotation.ServletInvocableHandlerMethod.invokeAndHandle(ServletInvocableHandlerMethod.java:106) ~[spring-webmvc-5.2.2.RELEASE.jar:5.2.2.RELEASE]
	at org.springframework.web.servlet.mvc.method.annotation.RequestMappingHandlerAdapter.invokeHandlerMethod(RequestMappingHandlerAdapter.java:888) ~[spring-webmvc-5.2.2.RELEASE.jar:5.2.2.RELEASE]
	at org.springframework.web.servlet.mvc.method.annotation.RequestMappingHandlerAdapter.handleInternal(RequestMappingHandlerAdapter.java:793) ~[spring-webmvc-5.2.2.RELEASE.jar:5.2.2.RELEASE]
	at org.springframework.web.servlet.mvc.method.AbstractHandlerMethodAdapter.handle(AbstractHandlerMethodAdapter.java:87) ~[spring-webmvc-5.2.2.RELEASE.jar:5.2.2.RELEASE]
	at org.springframework.web.servlet.DispatcherServlet.doDispatch(DispatcherServlet.java:1040) ~[spring-webmvc-5.2.2.RELEASE.jar:5.2.2.RELEASE]
	at org.springframework.web.servlet.DispatcherServlet.doService(DispatcherServlet.java:943) ~[spring-webmvc-5.2.2.RELEASE.jar:5.2.2.RELEASE]
	at org.springframework.web.servlet.FrameworkServlet.processRequest(FrameworkServlet.java:1006) ~[spring-webmvc-5.2.2.RELEASE.jar:5.2.2.RELEASE]
	at org.springframework.web.servlet.FrameworkServlet.doPost(FrameworkServlet.java:909) ~[spring-webmvc-5.2.2.RELEASE.jar:5.2.2.RELEASE]
	at javax.servlet.http.HttpServlet.service(HttpServlet.java:660) ~[tomcat-embed-core-9.0.29.jar:9.0.29]
	at org.springframework.web.servlet.FrameworkServlet.service(FrameworkServlet.java:883) ~[spring-webmvc-5.2.2.RELEASE.jar:5.2.2.RELEASE]
	at javax.servlet.http.HttpServlet.service(HttpServlet.java:741) ~[tomcat-embed-core-9.0.29.jar:9.0.29]
	at org.apache.catalina.core.ApplicationFilterChain.internalDoFilter(ApplicationFilterChain.java:231) ~[tomcat-embed-core-9.0.29.jar:9.0.29]
	at org.apache.catalina.core.ApplicationFilterChain.doFilter(ApplicationFilterChain.java:166) ~[tomcat-embed-core-9.0.29.jar:9.0.29]
	at org.apache.tomcat.websocket.server.WsFilter.doFilter(WsFilter.java:53) ~[tomcat-embed-websocket-9.0.29.jar:9.0.29]
	at org.apache.catalina.core.ApplicationFilterChain.internalDoFilter(ApplicationFilterChain.java:193) ~[tomcat-embed-core-9.0.29.jar:9.0.29]
	at org.apache.catalina.core.ApplicationFilterChain.doFilter(ApplicationFilterChain.java:166) ~[tomcat-embed-core-9.0.29.jar:9.0.29]
	at org.springframework.web.filter.RequestContextFilter.doFilterInternal(RequestContextFilter.java:100) ~[spring-web-5.2.2.RELEASE.jar:5.2.2.RELEASE]
	at org.springframework.web.filter.OncePerRequestFilter.doFilter(OncePerRequestFilter.java:119) ~[spring-web-5.2.2.RELEASE.jar:5.2.2.RELEASE]
	at org.apache.catalina.core.ApplicationFilterChain.internalDoFilter(ApplicationFilterChain.java:193) ~[tomcat-embed-core-9.0.29.jar:9.0.29]
	at org.apache.catalina.core.ApplicationFilterChain.doFilter(ApplicationFilterChain.java:166) ~[tomcat-embed-core-9.0.29.jar:9.0.29]
	at org.springframework.web.filter.FormContentFilter.doFilterInternal(FormContentFilter.java:93) ~[spring-web-5.2.2.RELEASE.jar:5.2.2.RELEASE]
	at org.springframework.web.filter.OncePerRequestFilter.doFilter(OncePerRequestFilter.java:119) ~[spring-web-5.2.2.RELEASE.jar:5.2.2.RELEASE]
	at org.apache.catalina.core.ApplicationFilterChain.internalDoFilter(ApplicationFilterChain.java:193) ~[tomcat-embed-core-9.0.29.jar:9.0.29]
	at org.apache.catalina.core.ApplicationFilterChain.doFilter(ApplicationFilterChain.java:166) ~[tomcat-embed-core-9.0.29.jar:9.0.29]
	at org.springframework.web.filter.CharacterEncodingFilter.doFilterInternal(CharacterEncodingFilter.java:201) ~[spring-web-5.2.2.RELEASE.jar:5.2.2.RELEASE]
	at org.springframework.web.filter.OncePerRequestFilter.doFilter(OncePerRequestFilter.java:119) ~[spring-web-5.2.2.RELEASE.jar:5.2.2.RELEASE]
	at org.apache.catalina.core.ApplicationFilterChain.internalDoFilter(ApplicationFilterChain.java:193) ~[tomcat-embed-core-9.0.29.jar:9.0.29]
	at org.apache.catalina.core.ApplicationFilterChain.doFilter(ApplicationFilterChain.java:166) ~[tomcat-embed-core-9.0.29.jar:9.0.29]
	at org.apache.catalina.core.StandardWrapperValve.invoke(StandardWrapperValve.java:202) ~[tomcat-embed-core-9.0.29.jar:9.0.29]
	at org.apache.catalina.core.StandardContextValve.invoke(StandardContextValve.java:96) [tomcat-embed-core-9.0.29.jar:9.0.29]
	at org.apache.catalina.authenticator.AuthenticatorBase.invoke(AuthenticatorBase.java:526) [tomcat-embed-core-9.0.29.jar:9.0.29]
	at org.apache.catalina.core.StandardHostValve.invoke(StandardHostValve.java:139) [tomcat-embed-core-9.0.29.jar:9.0.29]
	at org.apache.catalina.valves.ErrorReportValve.invoke(ErrorReportValve.java:92) [tomcat-embed-core-9.0.29.jar:9.0.29]
	at org.apache.catalina.core.StandardEngineValve.invoke(StandardEngineValve.java:74) [tomcat-embed-core-9.0.29.jar:9.0.29]
	at org.apache.catalina.connector.CoyoteAdapter.service(CoyoteAdapter.java:343) [tomcat-embed-core-9.0.29.jar:9.0.29]
	at org.apache.coyote.http11.Http11Processor.service(Http11Processor.java:367) [tomcat-embed-core-9.0.29.jar:9.0.29]
	at org.apache.coyote.AbstractProcessorLight.process(AbstractProcessorLight.java:65) [tomcat-embed-core-9.0.29.jar:9.0.29]
	at org.apache.coyote.AbstractProtocol$ConnectionHandler.process(AbstractProtocol.java:860) [tomcat-embed-core-9.0.29.jar:9.0.29]
	at org.apache.tomcat.util.net.NioEndpoint$SocketProcessor.doRun(NioEndpoint.java:1591) [tomcat-embed-core-9.0.29.jar:9.0.29]
	at org.apache.tomcat.util.net.SocketProcessorBase.run(SocketProcessorBase.java:49) [tomcat-embed-core-9.0.29.jar:9.0.29]
	at java.util.concurrent.ThreadPoolExecutor.runWorker(ThreadPoolExecutor.java:1149) [na:1.8.0_144]
	at java.util.concurrent.ThreadPoolExecutor$Worker.run(ThreadPoolExecutor.java:624) [na:1.8.0_144]
	at org.apache.tomcat.util.threads.TaskThread$WrappingRunnable.run(TaskThread.java:61) [tomcat-embed-core-9.0.29.jar:9.0.29]
	at java.lang.Thread.run(Thread.java:748) [na:1.8.0_144]

2020-01-02 04:27:06.930  INFO 16096 --- [main] com.example.os_be.OsBeApplication        : Starting OsBeApplication on DESKTOP-M2TDTJB with PID 16096 (E:\idealworkspace\os_be\target\classes started by asus in E:\idealworkspace\os_be)
2020-01-02 04:27:06.934  INFO 16096 --- [main] com.example.os_be.OsBeApplication        : No active profile set, falling back to default profiles: default
2020-01-02 04:27:08.034  INFO 16096 --- [main] o.apache.catalina.core.StandardService   : Starting service [Tomcat]
2020-01-02 04:27:08.035  INFO 16096 --- [main] org.apache.catalina.core.StandardEngine  : Starting Servlet engine: [Apache Tomcat/9.0.29]
2020-01-02 04:27:08.127  INFO 16096 --- [main] o.a.c.c.C.[Tomcat].[localhost].[/]       : Initializing Spring embedded WebApplicationContext
2020-01-02 04:27:08.824  INFO 16096 --- [main] com.example.os_be.OsBeApplication        : Started OsBeApplication in 2.394 seconds (JVM running for 3.761)
2020-01-02 04:27:11.513  INFO 16096 --- [http-nio-8888-exec-1] o.a.c.c.C.[Tomcat].[localhost].[/]       : Initializing Spring DispatcherServlet 'dispatcherServlet'
2020-01-02 04:27:11.642  INFO 16096 --- [http-nio-8888-exec-1] com.zaxxer.hikari.HikariDataSource       : HikariPool-1 - Starting...
2020-01-02 04:27:11.806  INFO 16096 --- [http-nio-8888-exec-1] com.zaxxer.hikari.HikariDataSource       : HikariPool-1 - Start completed.
2020-01-02 04:27:11.816 DEBUG 16096 --- [http-nio-8888-exec-1] c.e.os_be.dao.IMFDDao.createFileDir      : ==>  Preparing: insert into ufd(user_id, file_name, file_length, is_open_flag) values(?, ?, ?, 0) 
2020-01-02 04:27:11.841 DEBUG 16096 --- [http-nio-8888-exec-1] c.e.os_be.dao.IMFDDao.createFileDir      : ==> Parameters: 1(Integer), admin_file_1(String), 5(Integer)
2020-01-02 04:27:11.843 DEBUG 16096 --- [http-nio-8888-exec-1] c.e.os_be.dao.IMFDDao.createFileDir      : <==    Updates: 1
2020-01-02 04:28:21.038  INFO 5868 --- [main] com.example.os_be.OsBeApplication        : Starting OsBeApplication on DESKTOP-M2TDTJB with PID 5868 (E:\idealworkspace\os_be\target\classes started by asus in E:\idealworkspace\os_be)
2020-01-02 04:28:21.042  INFO 5868 --- [main] com.example.os_be.OsBeApplication        : No active profile set, falling back to default profiles: default
2020-01-02 04:28:22.137  INFO 5868 --- [main] o.apache.catalina.core.StandardService   : Starting service [Tomcat]
2020-01-02 04:28:22.138  INFO 5868 --- [main] org.apache.catalina.core.StandardEngine  : Starting Servlet engine: [Apache Tomcat/9.0.29]
2020-01-02 04:28:22.227  INFO 5868 --- [main] o.a.c.c.C.[Tomcat].[localhost].[/]       : Initializing Spring embedded WebApplicationContext
2020-01-02 04:28:22.909  INFO 5868 --- [main] com.example.os_be.OsBeApplication        : Started OsBeApplication in 2.372 seconds (JVM running for 3.753)
2020-01-02 04:28:32.570  INFO 5868 --- [http-nio-8888-exec-1] o.a.c.c.C.[Tomcat].[localhost].[/]       : Initializing Spring DispatcherServlet 'dispatcherServlet'
2020-01-02 04:28:32.719  INFO 5868 --- [http-nio-8888-exec-1] com.zaxxer.hikari.HikariDataSource       : HikariPool-1 - Starting...
2020-01-02 04:28:32.903  INFO 5868 --- [http-nio-8888-exec-1] com.zaxxer.hikari.HikariDataSource       : HikariPool-1 - Start completed.
2020-01-02 04:28:32.914 DEBUG 5868 --- [http-nio-8888-exec-1] c.e.os_be.dao.IMFDDao.createFileDir      : ==>  Preparing: insert into ufd(user_id, file_name, file_length, is_open_flag) values(?, ?, ?, 0) 
2020-01-02 04:28:32.952 DEBUG 5868 --- [http-nio-8888-exec-1] c.e.os_be.dao.IMFDDao.createFileDir      : ==> Parameters: 1(Integer), admin_file_1(String), 5(Integer)
2020-01-02 04:28:32.963 DEBUG 5868 --- [http-nio-8888-exec-1] c.e.os_be.dao.IMFDDao.createFileDir      : <==    Updates: 1
2020-01-02 04:28:32.965 DEBUG 5868 --- [http-nio-8888-exec-1] c.e.o.d.IMFDDao.createFileDir!selectKey  : ==>  Preparing: SELECT LAST_INSERT_ID() AS ID 
2020-01-02 04:28:32.966 DEBUG 5868 --- [http-nio-8888-exec-1] c.e.o.d.IMFDDao.createFileDir!selectKey  : ==> Parameters: 
2020-01-02 04:28:33.064 DEBUG 5868 --- [http-nio-8888-exec-1] c.e.o.d.IMFDDao.createFileDir!selectKey  : <==      Total: 1
2020-01-02 04:29:33.208  INFO 7612 --- [main] com.example.os_be.OsBeApplication        : Starting OsBeApplication on DESKTOP-M2TDTJB with PID 7612 (E:\idealworkspace\os_be\target\classes started by asus in E:\idealworkspace\os_be)
2020-01-02 04:29:33.214  INFO 7612 --- [main] com.example.os_be.OsBeApplication        : No active profile set, falling back to default profiles: default
2020-01-02 04:29:34.491  INFO 7612 --- [main] o.apache.catalina.core.StandardService   : Starting service [Tomcat]
2020-01-02 04:29:34.492  INFO 7612 --- [main] org.apache.catalina.core.StandardEngine  : Starting Servlet engine: [Apache Tomcat/9.0.29]
2020-01-02 04:29:34.580  INFO 7612 --- [main] o.a.c.c.C.[Tomcat].[localhost].[/]       : Initializing Spring embedded WebApplicationContext
2020-01-02 04:29:35.266  INFO 7612 --- [main] com.example.os_be.OsBeApplication        : Started OsBeApplication in 2.621 seconds (JVM running for 3.986)
2020-01-02 04:29:53.234  INFO 7612 --- [http-nio-8888-exec-2] o.a.c.c.C.[Tomcat].[localhost].[/]       : Initializing Spring DispatcherServlet 'dispatcherServlet'
2020-01-02 04:29:53.350  INFO 7612 --- [http-nio-8888-exec-2] com.zaxxer.hikari.HikariDataSource       : HikariPool-1 - Starting...
2020-01-02 04:29:53.493  INFO 7612 --- [http-nio-8888-exec-2] com.zaxxer.hikari.HikariDataSource       : HikariPool-1 - Start completed.
2020-01-02 04:29:53.500 DEBUG 7612 --- [http-nio-8888-exec-2] c.e.os_be.dao.IMFDDao.createFileDir      : ==>  Preparing: insert into ufd(user_id, file_name, file_length, is_open_flag) values(?, ?, ?, 0) 
2020-01-02 04:29:53.525 DEBUG 7612 --- [http-nio-8888-exec-2] c.e.os_be.dao.IMFDDao.createFileDir      : ==> Parameters: 1(Integer), admin_file_1(String), 5(Integer)
2020-01-02 04:29:53.532 DEBUG 7612 --- [http-nio-8888-exec-2] c.e.os_be.dao.IMFDDao.createFileDir      : <==    Updates: 1
2020-01-02 04:29:53.535 DEBUG 7612 --- [http-nio-8888-exec-2] c.e.o.d.IMFDDao.createFileDir!selectKey  : ==>  Preparing: SELECT LAST_INSERT_ID() AS ID 
2020-01-02 04:29:53.536 DEBUG 7612 --- [http-nio-8888-exec-2] c.e.o.d.IMFDDao.createFileDir!selectKey  : ==> Parameters: 
2020-01-02 04:29:53.557 DEBUG 7612 --- [http-nio-8888-exec-2] c.e.o.d.IMFDDao.createFileDir!selectKey  : <==      Total: 1
2020-01-02 04:31:47.649  INFO 1184 --- [main] com.example.os_be.OsBeApplication        : Starting OsBeApplication on DESKTOP-M2TDTJB with PID 1184 (E:\idealworkspace\os_be\target\classes started by asus in E:\idealworkspace\os_be)
2020-01-02 04:31:47.654  INFO 1184 --- [main] com.example.os_be.OsBeApplication        : No active profile set, falling back to default profiles: default
2020-01-02 04:31:49.019  INFO 1184 --- [main] o.apache.catalina.core.StandardService   : Starting service [Tomcat]
2020-01-02 04:31:49.020  INFO 1184 --- [main] org.apache.catalina.core.StandardEngine  : Starting Servlet engine: [Apache Tomcat/9.0.29]
2020-01-02 04:31:49.119  INFO 1184 --- [main] o.a.c.c.C.[Tomcat].[localhost].[/]       : Initializing Spring embedded WebApplicationContext
2020-01-02 04:31:49.916  INFO 1184 --- [main] com.example.os_be.OsBeApplication        : Started OsBeApplication in 2.794 seconds (JVM running for 4.225)
2020-01-02 04:32:14.057  INFO 15720 --- [main] com.example.os_be.OsBeApplication        : Starting OsBeApplication on DESKTOP-M2TDTJB with PID 15720 (E:\idealworkspace\os_be\target\classes started by asus in E:\idealworkspace\os_be)
2020-01-02 04:32:14.060  INFO 15720 --- [main] com.example.os_be.OsBeApplication        : No active profile set, falling back to default profiles: default
2020-01-02 04:32:15.278  INFO 15720 --- [main] o.apache.catalina.core.StandardService   : Starting service [Tomcat]
2020-01-02 04:32:15.279  INFO 15720 --- [main] org.apache.catalina.core.StandardEngine  : Starting Servlet engine: [Apache Tomcat/9.0.29]
2020-01-02 04:32:15.383  INFO 15720 --- [main] o.a.c.c.C.[Tomcat].[localhost].[/]       : Initializing Spring embedded WebApplicationContext
2020-01-02 04:32:16.068  INFO 15720 --- [main] com.example.os_be.OsBeApplication        : Started OsBeApplication in 2.526 seconds (JVM running for 3.874)
2020-01-02 04:32:31.276  INFO 15720 --- [http-nio-8888-exec-2] o.a.c.c.C.[Tomcat].[localhost].[/]       : Initializing Spring DispatcherServlet 'dispatcherServlet'
2020-01-02 04:32:31.388  INFO 15720 --- [http-nio-8888-exec-2] com.zaxxer.hikari.HikariDataSource       : HikariPool-1 - Starting...
2020-01-02 04:32:31.548  INFO 15720 --- [http-nio-8888-exec-2] com.zaxxer.hikari.HikariDataSource       : HikariPool-1 - Start completed.
2020-01-02 04:32:31.554 DEBUG 15720 --- [http-nio-8888-exec-2] c.e.os_be.dao.IMFDDao.createFileDir      : ==>  Preparing: insert into ufd(user_id, file_name, file_length, is_open_flag) values(?, ?, ?, 0) 
2020-01-02 04:32:31.584 DEBUG 15720 --- [http-nio-8888-exec-2] c.e.os_be.dao.IMFDDao.createFileDir      : ==> Parameters: 1(Integer), admin_file_1(String), 5(Integer)
2020-01-02 04:32:31.593 DEBUG 15720 --- [http-nio-8888-exec-2] c.e.os_be.dao.IMFDDao.createFileDir      : <==    Updates: 1
2020-01-02 04:32:31.596 DEBUG 15720 --- [http-nio-8888-exec-2] c.e.o.d.IMFDDao.createFileDir!selectKey  : ==>  Preparing: SELECT LAST_INSERT_ID() AS ufdId 
2020-01-02 04:32:31.597 DEBUG 15720 --- [http-nio-8888-exec-2] c.e.o.d.IMFDDao.createFileDir!selectKey  : ==> Parameters: 
2020-01-02 04:32:31.627 DEBUG 15720 --- [http-nio-8888-exec-2] c.e.o.d.IMFDDao.createFileDir!selectKey  : <==      Total: 1
2020-01-02 04:32:41.162 DEBUG 15720 --- [http-nio-8888-exec-3] c.e.os_be.dao.IMFDDao.createFileDir      : ==>  Preparing: insert into ufd(user_id, file_name, file_length, is_open_flag) values(?, ?, ?, 0) 
2020-01-02 04:32:41.163 DEBUG 15720 --- [http-nio-8888-exec-3] c.e.os_be.dao.IMFDDao.createFileDir      : ==> Parameters: 2(Integer), admin_file_1(String), 5(Integer)
2020-01-02 04:32:41.165 DEBUG 15720 --- [http-nio-8888-exec-3] c.e.os_be.dao.IMFDDao.createFileDir      : <==    Updates: 1
2020-01-02 04:32:41.165 DEBUG 15720 --- [http-nio-8888-exec-3] c.e.o.d.IMFDDao.createFileDir!selectKey  : ==>  Preparing: SELECT LAST_INSERT_ID() AS ufdId 
2020-01-02 04:32:41.166 DEBUG 15720 --- [http-nio-8888-exec-3] c.e.o.d.IMFDDao.createFileDir!selectKey  : ==> Parameters: 
2020-01-02 04:32:41.167 DEBUG 15720 --- [http-nio-8888-exec-3] c.e.o.d.IMFDDao.createFileDir!selectKey  : <==      Total: 1
2020-01-02 04:34:18.734  INFO 4660 --- [main] com.example.os_be.OsBeApplication        : Starting OsBeApplication on DESKTOP-M2TDTJB with PID 4660 (E:\idealworkspace\os_be\target\classes started by asus in E:\idealworkspace\os_be)
2020-01-02 04:34:18.738  INFO 4660 --- [main] com.example.os_be.OsBeApplication        : No active profile set, falling back to default profiles: default
2020-01-02 04:34:19.929  INFO 4660 --- [main] o.apache.catalina.core.StandardService   : Starting service [Tomcat]
2020-01-02 04:34:19.929  INFO 4660 --- [main] org.apache.catalina.core.StandardEngine  : Starting Servlet engine: [Apache Tomcat/9.0.29]
2020-01-02 04:34:20.028  INFO 4660 --- [main] o.a.c.c.C.[Tomcat].[localhost].[/]       : Initializing Spring embedded WebApplicationContext
2020-01-02 04:34:20.733  INFO 4660 --- [main] com.example.os_be.OsBeApplication        : Started OsBeApplication in 2.582 seconds (JVM running for 3.932)
2020-01-02 04:35:17.460  INFO 4660 --- [http-nio-8888-exec-1] o.a.c.c.C.[Tomcat].[localhost].[/]       : Initializing Spring DispatcherServlet 'dispatcherServlet'
2020-01-02 04:35:17.590  INFO 4660 --- [http-nio-8888-exec-1] com.zaxxer.hikari.HikariDataSource       : HikariPool-1 - Starting...
2020-01-02 04:35:17.763  INFO 4660 --- [http-nio-8888-exec-1] com.zaxxer.hikari.HikariDataSource       : HikariPool-1 - Start completed.
2020-01-02 04:35:17.770 DEBUG 4660 --- [http-nio-8888-exec-1] c.e.os_be.dao.IMFDDao.createFileDir      : ==>  Preparing: insert into ufd(user_id, file_name, file_length, is_open_flag) values(?, ?, ?, 0) 
2020-01-02 04:35:17.803 DEBUG 4660 --- [http-nio-8888-exec-1] c.e.os_be.dao.IMFDDao.createFileDir      : ==> Parameters: 2(Integer), admin_file_1(String), 5(Integer)
2020-01-02 04:35:17.814 DEBUG 4660 --- [http-nio-8888-exec-1] c.e.os_be.dao.IMFDDao.createFileDir      : <==    Updates: 1
2020-01-02 04:36:30.045  INFO 12280 --- [main] com.example.os_be.OsBeApplicationTests   : Starting OsBeApplicationTests on DESKTOP-M2TDTJB with PID 12280 (started by asus in E:\idealworkspace\os_be)
2020-01-02 04:36:30.046  INFO 12280 --- [main] com.example.os_be.OsBeApplicationTests   : No active profile set, falling back to default profiles: default
2020-01-02 04:36:32.734  INFO 12280 --- [main] com.example.os_be.OsBeApplicationTests   : Started OsBeApplicationTests in 3.112 seconds (JVM running for 4.542)
